<?xml version="1.0" encoding="UTF-8"?>
<!-- Generated by org.testng.reporters.JUnitXMLReporter -->
<testsuite hostname="AGSC52K0X" ignored="0" tests="5" failures="0" timestamp="2020-11-06T19:28:46 CST" time="9.131" errors="0">
  <testcase name="PostSameName_Test" time="4.22" classname="RestAssuredTest"/>
  <testcase name="PutName_Test" time="0.856" classname="RestAssuredTest"/>
  <testcase name="RandomeNameAuth_Test" time="1.272" classname="RestAssuredTest"/>
  <testcase name="RandomeNameNonAuth_Test" time="1.073" classname="RestAssuredTest"/>
  <testcase name="Status_Test" time="0.919" classname="RestAssuredTest"/>
</testsuite>
