<?xml version="1.0" encoding="UTF-8"?>
<testsuite xmlns:xsi="http://www.w3.org/2001/XMLSchema-instance" xsi:noNamespaceSchemaLocation="https://maven.apache.org/surefire/maven-surefire-plugin/xsd/surefire-test-report.xsd" name="TestSuite" time="10.697" tests="5" errors="0" skipped="0" failures="0">
  <properties>
[...]
</properties>
  <testcase name="PostSameName_Test" classname="RestAssuredTest" time="4.219"/>
  <testcase name="PutName_Test" classname="RestAssuredTest" time="0.841"/>
  <testcase name="RandomeNameAuth_Test" classname="RestAssuredTest" time="1.274"/>
  <testcase name="RandomeNameNonAuth_Test" classname="RestAssuredTest" time="1.074"/>
  <testcase name="Status_Test" classname="RestAssuredTest" time="0.919"/>
</testsuite>